ARM GAS  C:\DOCUME~1\ADMINI~1\LOCALS~1\Temp\ccVqHJiV.s 			page 1


   1              		.cpu arm7tdmi
   2              		.fpu softvfp
   3              		.eabi_attribute 20, 1
   4              		.eabi_attribute 21, 1
   5              		.eabi_attribute 23, 3
   6              		.eabi_attribute 24, 1
   7              		.eabi_attribute 25, 1
   8              		.eabi_attribute 26, 2
   9              		.eabi_attribute 30, 2
  10              		.eabi_attribute 18, 4
  11              		.file	"wlx_core_c.c"
  12              		.section	.debug_abbrev,"",%progbits
  13              	.Ldebug_abbrev0:
  14              		.section	.debug_info,"",%progbits
  15              	.Ldebug_info0:
  16              		.section	.debug_line,"",%progbits
  17              	.Ldebug_line0:
  18 0000 C0000000 		.text
  18      02003900 
  18      00000201 
  18      FB0E0D00 
  18      01010101 
  19              	.Ltext0:
  20              		.cfi_sections	.debug_frame
  21              		.align	2
  22              		.global	WLX_TaskTcbInit
  23              		.type	WLX_TaskTcbInit, %function
  24              	WLX_TaskTcbInit:
  25              		.fnstart
  26              	.LFB1:
  27              		.file 1 "../wanlix/wlx_core_c.c"
   1:../wanlix/wlx_core_c.c **** 
   2:../wanlix/wlx_core_c.c **** #include "wlx_core_c.h"
   3:../wanlix/wlx_core_c.c **** 
   4:../wanlix/wlx_core_c.c **** 
   5:../wanlix/wlx_core_c.c **** W_TCB* gpstrCurTcb;             /* 当前运行的任务的TCB */
   6:../wanlix/wlx_core_c.c **** U32 guiNextTaskSp;              /* 将要运行的任务堆栈指针 */
   7:../wanlix/wlx_core_c.c **** U32* gpuiCurTaskSpAddr;         /* 存放当前运行任务堆栈指针的地址 */
   8:../wanlix/wlx_core_c.c **** 
   9:../wanlix/wlx_core_c.c **** 
  10:../wanlix/wlx_core_c.c **** /***********************************************************************************
  11:../wanlix/wlx_core_c.c **** 函数功能: 创建一个任务.
  12:../wanlix/wlx_core_c.c **** 入口参数: vfFuncPointer: 创建任务所使用函数的指针.
  13:../wanlix/wlx_core_c.c ****           pucTaskStack: 任务所使用堆栈的最低起始地址.
  14:../wanlix/wlx_core_c.c ****           uiStackSize: 堆栈大小, 单位: 字节.
  15:../wanlix/wlx_core_c.c **** 返 回 值: NULL: 创建任务失败.
  16:../wanlix/wlx_core_c.c ****           其它: 任务的TCB指针.
  17:../wanlix/wlx_core_c.c **** ***********************************************************************************/
  18:../wanlix/wlx_core_c.c **** W_TCB* WLX_TaskCreate(VFUNC vfFuncPointer, U8* pucTaskStack, U32 uiStackSize)
  19:../wanlix/wlx_core_c.c **** {
  20:../wanlix/wlx_core_c.c ****     W_TCB* pstrTcb;
  21:../wanlix/wlx_core_c.c **** 
  22:../wanlix/wlx_core_c.c ****     /* 对创建任务所使用函数的指针合法性进行检查 */
  23:../wanlix/wlx_core_c.c ****     if(NULL == vfFuncPointer)
  24:../wanlix/wlx_core_c.c ****     {
  25:../wanlix/wlx_core_c.c ****         /* 指针为空, 返回失败 */
  26:../wanlix/wlx_core_c.c ****         return (W_TCB*)NULL;
ARM GAS  C:\DOCUME~1\ADMINI~1\LOCALS~1\Temp\ccVqHJiV.s 			page 2


  27:../wanlix/wlx_core_c.c ****     }
  28:../wanlix/wlx_core_c.c **** 
  29:../wanlix/wlx_core_c.c ****     /* 对任务堆栈合法性进行检查 */
  30:../wanlix/wlx_core_c.c ****     if((NULL == pucTaskStack) || (0 == uiStackSize))
  31:../wanlix/wlx_core_c.c ****     {
  32:../wanlix/wlx_core_c.c ****         /* 堆栈不合法, 返回失败 */
  33:../wanlix/wlx_core_c.c ****         return (W_TCB*)NULL;
  34:../wanlix/wlx_core_c.c ****     }
  35:../wanlix/wlx_core_c.c **** 
  36:../wanlix/wlx_core_c.c ****     /* 初始化TCB */
  37:../wanlix/wlx_core_c.c ****     pstrTcb = WLX_TaskTcbInit(pucTaskStack, uiStackSize);
  38:../wanlix/wlx_core_c.c **** 
  39:../wanlix/wlx_core_c.c ****     /* 初始化任务堆栈 */
  40:../wanlix/wlx_core_c.c ****     WLX_TaskStackInit(pstrTcb, vfFuncPointer);
  41:../wanlix/wlx_core_c.c **** 
  42:../wanlix/wlx_core_c.c ****     return pstrTcb;
  43:../wanlix/wlx_core_c.c **** }
  44:../wanlix/wlx_core_c.c **** 
  45:../wanlix/wlx_core_c.c **** /***********************************************************************************
  46:../wanlix/wlx_core_c.c **** 函数功能: 初始化任务TCB, 用来创建任务运行前TCB的状态.
  47:../wanlix/wlx_core_c.c **** 入口参数: pucTaskStack: 任务所使用的堆栈地址.
  48:../wanlix/wlx_core_c.c ****           uiStackSize: 堆栈大小, 单位: 字节.
  49:../wanlix/wlx_core_c.c **** 返 回 值: 任务TCB的指针.
  50:../wanlix/wlx_core_c.c **** ***********************************************************************************/
  51:../wanlix/wlx_core_c.c **** W_TCB* WLX_TaskTcbInit(U8* pucTaskStack, U32 uiStackSize)
  52:../wanlix/wlx_core_c.c **** {
  28              		.loc 1 52 0
  29              		.cfi_startproc
  30              		@ Function supports interworking.
  31              		@ args = 0, pretend = 0, frame = 0
  32              		@ frame_needed = 0, uses_anonymous_args = 0
  33              		@ link register save eliminated.
  34              	.LVL0:
  53:../wanlix/wlx_core_c.c ****     W_TCB* pstrTcb;
  54:../wanlix/wlx_core_c.c ****     U8* pucStackBy4;
  55:../wanlix/wlx_core_c.c **** 
  56:../wanlix/wlx_core_c.c ****     /* 堆栈满地址, 需要4字节对齐 */
  57:../wanlix/wlx_core_c.c ****     pucStackBy4 = (U8*)(((U32)pucTaskStack + uiStackSize) & 0xFFFFFFFC);
  35              		.loc 1 57 0
  36 0000 011080E0 		add	r1, r0, r1
  37              	.LVL1:
  38 0004 0300C1E3 		bic	r0, r1, #3
  39              	.LVL2:
  58:../wanlix/wlx_core_c.c **** 
  59:../wanlix/wlx_core_c.c ****     /* TCB结构存放的地址, 需要4字节对齐 */
  60:../wanlix/wlx_core_c.c ****     pstrTcb = (W_TCB*)(((U32)pucStackBy4 - sizeof(W_TCB)) & 0xFFFFFFFC);
  40              		.loc 1 60 0
  41 0008 040040E2 		sub	r0, r0, #4
  42              	.LVL3:
  61:../wanlix/wlx_core_c.c **** 
  62:../wanlix/wlx_core_c.c ****     /* 初始化TCB结构 */
  63:../wanlix/wlx_core_c.c ****     pstrTcb->uiTaskCurSp = (U32)pstrTcb;
  43              		.loc 1 63 0
  44 000c 000080E5 		str	r0, [r0, #0]
  64:../wanlix/wlx_core_c.c **** 
  65:../wanlix/wlx_core_c.c ****     return pstrTcb;
  66:../wanlix/wlx_core_c.c **** }
ARM GAS  C:\DOCUME~1\ADMINI~1\LOCALS~1\Temp\ccVqHJiV.s 			page 3


  45              		.loc 1 66 0
  46 0010 1EFF2FE1 		bx	lr
  47              		.cfi_endproc
  48              	.LFE1:
  49              		.fnend
  50              		.size	WLX_TaskTcbInit, .-WLX_TaskTcbInit
  51              		.align	2
  52              		.global	WLX_TaskStackInit
  53              		.type	WLX_TaskStackInit, %function
  54              	WLX_TaskStackInit:
  55              		.fnstart
  56              	.LFB2:
  67:../wanlix/wlx_core_c.c **** 
  68:../wanlix/wlx_core_c.c **** /***********************************************************************************
  69:../wanlix/wlx_core_c.c **** 函数功能: 初始化任务堆栈函数, 用来创建任务运行前的堆栈状态.
  70:../wanlix/wlx_core_c.c **** 入口参数: pstrTcb: 任务的TCB指针.
  71:../wanlix/wlx_core_c.c ****           vfFuncPointer: 任务运行的函数.
  72:../wanlix/wlx_core_c.c **** 返 回 值: none.
  73:../wanlix/wlx_core_c.c **** ***********************************************************************************/
  74:../wanlix/wlx_core_c.c **** void WLX_TaskStackInit(W_TCB* pstrTcb, VFUNC vfFuncPointer)
  75:../wanlix/wlx_core_c.c **** {
  57              		.loc 1 75 0
  58              		.cfi_startproc
  59              		@ Function supports interworking.
  60              		@ args = 0, pretend = 0, frame = 32
  61              		@ frame_needed = 0, uses_anonymous_args = 0
  62              		@ link register save eliminated.
  63              	.LVL4:
  64 0014 F0072DE9 		stmfd	sp!, {r4, r5, r6, r7, r8, r9, sl}
  65              		.save {r4, r5, r6, r7, r8, r9, sl}
  66              	.LCFI0:
  67              		.cfi_def_cfa_offset 28
  76:../wanlix/wlx_core_c.c ****     U32* puiSp;
  77:../wanlix/wlx_core_c.c **** 
  78:../wanlix/wlx_core_c.c ****     /* 对堆栈初始化 */
  79:../wanlix/wlx_core_c.c ****     puiSp = (U32*)pstrTcb->uiTaskCurSp; /* 获取存放变量的堆栈指针 */
  68              		.loc 1 79 0
  69 0018 007090E5 		ldr	r7, [r0, #0]
  70              		.cfi_offset 10, -4
  71              		.cfi_offset 9, -8
  72              		.cfi_offset 8, -12
  73              		.cfi_offset 7, -16
  74              		.cfi_offset 6, -20
  75              		.cfi_offset 5, -24
  76              		.cfi_offset 4, -28
  77              	.LVL5:
  75:../wanlix/wlx_core_c.c **** {
  78              		.loc 1 75 0
  79              		.pad #36
  80 001c 24D04DE2 		sub	sp, sp, #36
  81              	.LCFI1:
  82              		.cfi_def_cfa_offset 64
  80:../wanlix/wlx_core_c.c **** 
  81:../wanlix/wlx_core_c.c ****     *(--puiSp) = (U32)vfFuncPointer;    /* R14 */
  82:../wanlix/wlx_core_c.c ****     *(--puiSp) = pstrTcb->uiTaskCurSp;  /* R13 */
  83:../wanlix/wlx_core_c.c ****     *(--puiSp) = 0;                     /* R12 */
  84:../wanlix/wlx_core_c.c ****     *(--puiSp) = 0;                     /* R11 */
ARM GAS  C:\DOCUME~1\ADMINI~1\LOCALS~1\Temp\ccVqHJiV.s 			page 4


  85:../wanlix/wlx_core_c.c ****     *(--puiSp) = 0;                     /* R10 */
  86:../wanlix/wlx_core_c.c ****     *(--puiSp) = 0;                     /* R9 */
  83              		.loc 1 86 0
  84 0020 189047E2 		sub	r9, r7, #24
  85 0024 04908DE5 		str	r9, [sp, #4]
  87:../wanlix/wlx_core_c.c ****     *(--puiSp) = 0;                     /* R8 */
  86              		.loc 1 87 0
  87 0028 1C9047E2 		sub	r9, r7, #28
  88:../wanlix/wlx_core_c.c ****     *(--puiSp) = 0;                     /* R7 */
  89:../wanlix/wlx_core_c.c ****     *(--puiSp) = 0;                     /* R6 */
  88              		.loc 1 89 0
  89 002c 24C047E2 		sub	ip, r7, #36
  90:../wanlix/wlx_core_c.c ****     *(--puiSp) = 0;                     /* R5 */
  90              		.loc 1 90 0
  91 0030 0C8049E2 		sub	r8, r9, #12
  91:../wanlix/wlx_core_c.c ****     *(--puiSp) = 0;                     /* R4 */
  92              		.loc 1 91 0
  93 0034 08A04CE2 		sub	sl, ip, #8
  92:../wanlix/wlx_core_c.c ****     *(--puiSp) = 0;                     /* R3 */
  94              		.loc 1 92 0
  95 0038 082048E2 		sub	r2, r8, #8
  88:../wanlix/wlx_core_c.c ****     *(--puiSp) = 0;                     /* R7 */
  96              		.loc 1 88 0
  97 003c 203047E2 		sub	r3, r7, #32
  98 0040 08308DE5 		str	r3, [sp, #8]
  89:../wanlix/wlx_core_c.c ****     *(--puiSp) = 0;                     /* R6 */
  99              		.loc 1 89 0
 100 0044 0CC08DE5 		str	ip, [sp, #12]
  90:../wanlix/wlx_core_c.c ****     *(--puiSp) = 0;                     /* R5 */
 101              		.loc 1 90 0
 102 0048 10808DE5 		str	r8, [sp, #16]
  91:../wanlix/wlx_core_c.c ****     *(--puiSp) = 0;                     /* R4 */
 103              		.loc 1 91 0
 104 004c 14A08DE5 		str	sl, [sp, #20]
 105              		.loc 1 92 0
 106 0050 18208DE5 		str	r2, [sp, #24]
  81:../wanlix/wlx_core_c.c ****     *(--puiSp) = (U32)vfFuncPointer;    /* R14 */
 107              		.loc 1 81 0
 108 0054 041007E5 		str	r1, [r7, #-4]
  87:../wanlix/wlx_core_c.c ****     *(--puiSp) = 0;                     /* R8 */
 109              		.loc 1 87 0
 110 0058 04809DE5 		ldr	r8, [sp, #4]
  82:../wanlix/wlx_core_c.c ****     *(--puiSp) = pstrTcb->uiTaskCurSp;  /* R13 */
 111              		.loc 1 82 0
 112 005c 00C090E5 		ldr	ip, [r0, #0]
  93:../wanlix/wlx_core_c.c ****     *(--puiSp) = 0;                     /* R2 */
 113              		.loc 1 93 0
 114 0060 08A04AE2 		sub	sl, sl, #8
  83:../wanlix/wlx_core_c.c ****     *(--puiSp) = 0;                     /* R12 */
 115              		.loc 1 83 0
 116 0064 0010A0E3 		mov	r1, #0
 117              	.LVL6:
  81:../wanlix/wlx_core_c.c ****     *(--puiSp) = (U32)vfFuncPointer;    /* R14 */
 118              		.loc 1 81 0
 119 0068 046047E2 		sub	r6, r7, #4
 120              	.LVL7:
  94:../wanlix/wlx_core_c.c ****     *(--puiSp) = 0;                     /* R1 */
ARM GAS  C:\DOCUME~1\ADMINI~1\LOCALS~1\Temp\ccVqHJiV.s 			page 5


  95:../wanlix/wlx_core_c.c ****     *(--puiSp) = 0;                     /* R0 */
  96:../wanlix/wlx_core_c.c ****     *(--puiSp) = MODE_USR;              /* CPSR */
 121              		.loc 1 96 0
 122 006c 0C304AE2 		sub	r3, sl, #12
 123 0070 1C308DE5 		str	r3, [sp, #28]
 124              	.LVL8:
  89:../wanlix/wlx_core_c.c ****     *(--puiSp) = 0;                     /* R6 */
 125              		.loc 1 89 0
 126 0074 08209DE5 		ldr	r2, [sp, #8]
  82:../wanlix/wlx_core_c.c ****     *(--puiSp) = pstrTcb->uiTaskCurSp;  /* R13 */
 127              		.loc 1 82 0
 128 0078 021006E9 		stmdb	r6, {r1, ip}	@ phole stm
  84:../wanlix/wlx_core_c.c ****     *(--puiSp) = 0;                     /* R11 */
 129              		.loc 1 84 0
 130 007c 0C1006E5 		str	r1, [r6, #-12]
  85:../wanlix/wlx_core_c.c ****     *(--puiSp) = 0;                     /* R10 */
 131              		.loc 1 85 0
 132 0080 101006E5 		str	r1, [r6, #-16]
  86:../wanlix/wlx_core_c.c ****     *(--puiSp) = 0;                     /* R9 */
 133              		.loc 1 86 0
 134 0084 141006E5 		str	r1, [r6, #-20]
  90:../wanlix/wlx_core_c.c ****     *(--puiSp) = 0;                     /* R5 */
 135              		.loc 1 90 0
 136 0088 0C309DE5 		ldr	r3, [sp, #12]
 137              	.LVL9:
  87:../wanlix/wlx_core_c.c ****     *(--puiSp) = 0;                     /* R8 */
 138              		.loc 1 87 0
 139 008c 041008E5 		str	r1, [r8, #-4]
  91:../wanlix/wlx_core_c.c ****     *(--puiSp) = 0;                     /* R4 */
 140              		.loc 1 91 0
 141 0090 10C09DE5 		ldr	ip, [sp, #16]
  92:../wanlix/wlx_core_c.c ****     *(--puiSp) = 0;                     /* R3 */
 142              		.loc 1 92 0
 143 0094 14809DE5 		ldr	r8, [sp, #20]
  88:../wanlix/wlx_core_c.c ****     *(--puiSp) = 0;                     /* R7 */
 144              		.loc 1 88 0
 145 0098 041009E5 		str	r1, [r9, #-4]
  89:../wanlix/wlx_core_c.c ****     *(--puiSp) = 0;                     /* R6 */
 146              		.loc 1 89 0
 147 009c 041002E5 		str	r1, [r2, #-4]
  90:../wanlix/wlx_core_c.c ****     *(--puiSp) = 0;                     /* R5 */
 148              		.loc 1 90 0
 149 00a0 041003E5 		str	r1, [r3, #-4]
  93:../wanlix/wlx_core_c.c ****     *(--puiSp) = 0;                     /* R2 */
 150              		.loc 1 93 0
 151 00a4 18209DE5 		ldr	r2, [sp, #24]
  91:../wanlix/wlx_core_c.c ****     *(--puiSp) = 0;                     /* R4 */
 152              		.loc 1 91 0
 153 00a8 04100CE5 		str	r1, [ip, #-4]
  92:../wanlix/wlx_core_c.c ****     *(--puiSp) = 0;                     /* R3 */
 154              		.loc 1 92 0
 155 00ac 041008E5 		str	r1, [r8, #-4]
  97:../wanlix/wlx_core_c.c **** 
  98:../wanlix/wlx_core_c.c ****     /* 记录当前任务的堆栈指针, 下次运行这个任务时可根据该值恢复堆栈 */
  99:../wanlix/wlx_core_c.c ****     pstrTcb->uiTaskCurSp = (U32)puiSp;
 156              		.loc 1 99 0
 157 00b0 1C809DE5 		ldr	r8, [sp, #28]
ARM GAS  C:\DOCUME~1\ADMINI~1\LOCALS~1\Temp\ccVqHJiV.s 			page 6


  96:../wanlix/wlx_core_c.c ****     *(--puiSp) = MODE_USR;              /* CPSR */
 158              		.loc 1 96 0
 159 00b4 1030A0E3 		mov	r3, #16
  93:../wanlix/wlx_core_c.c ****     *(--puiSp) = 0;                     /* R2 */
 160              		.loc 1 93 0
 161 00b8 041002E5 		str	r1, [r2, #-4]
  94:../wanlix/wlx_core_c.c ****     *(--puiSp) = 0;                     /* R1 */
 162              		.loc 1 94 0
 163 00bc 04100AE5 		str	r1, [sl, #-4]
  95:../wanlix/wlx_core_c.c ****     *(--puiSp) = 0;                     /* R0 */
 164              		.loc 1 95 0
 165 00c0 08100AE5 		str	r1, [sl, #-8]
  96:../wanlix/wlx_core_c.c ****     *(--puiSp) = MODE_USR;              /* CPSR */
 166              		.loc 1 96 0
 167 00c4 0C300AE5 		str	r3, [sl, #-12]
 168              		.loc 1 99 0
 169 00c8 008080E5 		str	r8, [r0, #0]
 100:../wanlix/wlx_core_c.c **** }
 170              		.loc 1 100 0
 171 00cc 24D08DE2 		add	sp, sp, #36
 172 00d0 F007BDE8 		ldmfd	sp!, {r4, r5, r6, r7, r8, r9, sl}
 173 00d4 1EFF2FE1 		bx	lr
 174              		.cfi_endproc
 175              	.LFE2:
 176              		.fnend
 177              		.size	WLX_TaskStackInit, .-WLX_TaskStackInit
 178              		.align	2
 179              		.global	WLX_TaskCreate
 180              		.type	WLX_TaskCreate, %function
 181              	WLX_TaskCreate:
 182              		.fnstart
 183              	.LFB0:
  19:../wanlix/wlx_core_c.c **** {
 184              		.loc 1 19 0
 185              		.cfi_startproc
 186              		@ Function supports interworking.
 187              		@ args = 0, pretend = 0, frame = 0
 188              		@ frame_needed = 1, uses_anonymous_args = 0
 189              	.LVL10:
 190              		.movsp ip
 191 00d8 0DC0A0E1 		mov	ip, sp
 192              	.LCFI2:
 193              		.cfi_def_cfa_register 12
 194 00dc 18D82DE9 		stmfd	sp!, {r3, r4, fp, ip, lr, pc}
 195              		.pad #4
 196              		.save {r3, r4, fp, ip, lr}
  23:../wanlix/wlx_core_c.c ****     if(NULL == vfFuncPointer)
 197              		.loc 1 23 0
 198 00e0 003050E2 		subs	r3, r0, #0
 199              		.cfi_offset 14, -8
 200              		.cfi_offset 13, -12
 201              		.cfi_offset 11, -16
 202              		.cfi_offset 4, -20
 203              		.cfi_offset 3, -24
  19:../wanlix/wlx_core_c.c **** {
 204              		.loc 1 19 0
 205              		.setfp fp, ip, #-4
ARM GAS  C:\DOCUME~1\ADMINI~1\LOCALS~1\Temp\ccVqHJiV.s 			page 7


 206 00e4 04B04CE2 		sub	fp, ip, #4
 207              	.LCFI3:
 208              		.cfi_def_cfa 11, 4
  26:../wanlix/wlx_core_c.c ****         return (W_TCB*)NULL;
 209              		.loc 1 26 0
 210 00e8 0340A001 		moveq	r4, r3
  23:../wanlix/wlx_core_c.c ****     if(NULL == vfFuncPointer)
 211              		.loc 1 23 0
 212 00ec 0300001A 		bne	.L8
 213              	.LVL11:
 214              	.L4:
  43:../wanlix/wlx_core_c.c **** }
 215              		.loc 1 43 0
 216 00f0 0400A0E1 		mov	r0, r4
 217 00f4 14D04BE2 		sub	sp, fp, #20
 218 00f8 18689DE8 		ldmfd	sp, {r3, r4, fp, sp, lr}
 219 00fc 1EFF2FE1 		bx	lr
 220              	.LVL12:
 221              	.L8:
  30:../wanlix/wlx_core_c.c ****     if((NULL == pucTaskStack) || (0 == uiStackSize))
 222              		.loc 1 30 0
 223 0100 000051E3 		cmp	r1, #0
 224 0104 00005213 		cmpne	r2, #0
  33:../wanlix/wlx_core_c.c ****         return (W_TCB*)NULL;
 225              		.loc 1 33 0
 226 0108 0040A003 		moveq	r4, #0
  30:../wanlix/wlx_core_c.c ****     if((NULL == pucTaskStack) || (0 == uiStackSize))
 227              		.loc 1 30 0
 228 010c F7FFFF0A 		beq	.L4
 229              	.LVL13:
 230              	.LBB4:
 231              	.LBB5:
  57:../wanlix/wlx_core_c.c ****     pucStackBy4 = (U8*)(((U32)pucTaskStack + uiStackSize) & 0xFFFFFFFC);
 232              		.loc 1 57 0
 233 0110 020081E0 		add	r0, r1, r2
 234              	.LVL14:
 235 0114 0340C0E3 		bic	r4, r0, #3
  60:../wanlix/wlx_core_c.c ****     pstrTcb = (W_TCB*)(((U32)pucStackBy4 - sizeof(W_TCB)) & 0xFFFFFFFC);
 236              		.loc 1 60 0
 237 0118 044044E2 		sub	r4, r4, #4
 238              	.LVL15:
  63:../wanlix/wlx_core_c.c ****     pstrTcb->uiTaskCurSp = (U32)pstrTcb;
 239              		.loc 1 63 0
 240 011c 004084E5 		str	r4, [r4, #0]
 241              	.LBE5:
 242              	.LBE4:
  40:../wanlix/wlx_core_c.c ****     WLX_TaskStackInit(pstrTcb, vfFuncPointer);
 243              		.loc 1 40 0
 244 0120 0400A0E1 		mov	r0, r4
 245 0124 0310A0E1 		mov	r1, r3
 246              	.LVL16:
 247 0128 FEFFFFEB 		bl	WLX_TaskStackInit
 248              	.LVL17:
  42:../wanlix/wlx_core_c.c ****     return pstrTcb;
 249              		.loc 1 42 0
 250 012c EFFFFFEA 		b	.L4
 251              		.cfi_endproc
ARM GAS  C:\DOCUME~1\ADMINI~1\LOCALS~1\Temp\ccVqHJiV.s 			page 8


 252              	.LFE0:
 253              		.fnend
 254              		.size	WLX_TaskCreate, .-WLX_TaskCreate
 255              		.align	2
 256              		.global	WLX_TaskSwitch
 257              		.type	WLX_TaskSwitch, %function
 258              	WLX_TaskSwitch:
 259              		.fnstart
 260              	.LFB3:
 101:../wanlix/wlx_core_c.c **** 
 102:../wanlix/wlx_core_c.c **** /***********************************************************************************
 103:../wanlix/wlx_core_c.c **** 函数功能: 调用该函数将发生任务切换.
 104:../wanlix/wlx_core_c.c **** 入口参数: pstrTcb: 即将运行的任务的TCB指针.
 105:../wanlix/wlx_core_c.c **** 返 回 值: none.
 106:../wanlix/wlx_core_c.c **** ***********************************************************************************/
 107:../wanlix/wlx_core_c.c **** void WLX_TaskSwitch(W_TCB* pstrTcb)
 108:../wanlix/wlx_core_c.c **** {
 261              		.loc 1 108 0
 262              		.cfi_startproc
 263              		@ Function supports interworking.
 264              		@ args = 0, pretend = 0, frame = 0
 265              		@ frame_needed = 1, uses_anonymous_args = 0
 266              	.LVL18:
 109:../wanlix/wlx_core_c.c ****     /* 保存当前任务堆栈指针的地址, 在汇编语言可以通过这个变量写入任务切换前最后时刻
 110:../wanlix/wlx_core_c.c ****        的堆栈地址 */
 111:../wanlix/wlx_core_c.c ****     gpuiCurTaskSpAddr = &gpstrCurTcb->uiTaskCurSp;
 267              		.loc 1 111 0
 268 0130 34309FE5 		ldr	r3, .L10
 108:../wanlix/wlx_core_c.c **** {
 269              		.loc 1 108 0
 270              		.movsp ip
 271 0134 0DC0A0E1 		mov	ip, sp
 272              	.LCFI4:
 273              		.cfi_def_cfa_register 12
 274 0138 00D82DE9 		stmfd	sp!, {fp, ip, lr, pc}
 275              		.pad #4
 276              		.save {fp, ip, lr}
 112:../wanlix/wlx_core_c.c **** 
 113:../wanlix/wlx_core_c.c ****     /* 保存即将运行任务的堆栈指针 */
 114:../wanlix/wlx_core_c.c ****     guiNextTaskSp = pstrTcb->uiTaskCurSp;
 277              		.loc 1 114 0
 278 013c 001090E5 		ldr	r1, [r0, #0]
 108:../wanlix/wlx_core_c.c **** {
 279              		.loc 1 108 0
 280              		.setfp fp, ip, #-4
 281 0140 04B04CE2 		sub	fp, ip, #4
 282              		.cfi_offset 14, -8
 283              		.cfi_offset 13, -12
 284              		.cfi_offset 11, -16
 285              	.LCFI5:
 286              		.cfi_def_cfa 11, 4
 111:../wanlix/wlx_core_c.c ****     gpuiCurTaskSpAddr = &gpstrCurTcb->uiTaskCurSp;
 287              		.loc 1 111 0
 288 0144 24E09FE5 		ldr	lr, .L10+4
 289 0148 00C093E5 		ldr	ip, [r3, #0]
 290              		.loc 1 114 0
 291 014c 20209FE5 		ldr	r2, .L10+8
ARM GAS  C:\DOCUME~1\ADMINI~1\LOCALS~1\Temp\ccVqHJiV.s 			page 9


 111:../wanlix/wlx_core_c.c ****     gpuiCurTaskSpAddr = &gpstrCurTcb->uiTaskCurSp;
 292              		.loc 1 111 0
 293 0150 00C08EE5 		str	ip, [lr, #0]
 294              		.loc 1 114 0
 295 0154 001082E5 		str	r1, [r2, #0]
 115:../wanlix/wlx_core_c.c **** 
 116:../wanlix/wlx_core_c.c ****     /* 保存即将运行任务的TCB */
 117:../wanlix/wlx_core_c.c ****     gpstrCurTcb = pstrTcb;
 296              		.loc 1 117 0
 297 0158 000083E5 		str	r0, [r3, #0]
 118:../wanlix/wlx_core_c.c **** 
 119:../wanlix/wlx_core_c.c ****     WLX_ContextSwitch();
 298              		.loc 1 119 0
 299 015c FEFFFFEB 		bl	WLX_ContextSwitch
 300              	.LVL19:
 120:../wanlix/wlx_core_c.c **** }
 301              		.loc 1 120 0
 302 0160 0CD04BE2 		sub	sp, fp, #12
 303 0164 00689DE8 		ldmfd	sp, {fp, sp, lr}
 304 0168 1EFF2FE1 		bx	lr
 305              	.L11:
 306              		.align	2
 307              	.L10:
 308 016c 00000000 		.word	gpstrCurTcb
 309 0170 00000000 		.word	gpuiCurTaskSpAddr
 310 0174 00000000 		.word	guiNextTaskSp
 311              		.cfi_endproc
 312              	.LFE3:
 313              		.fnend
 314              		.size	WLX_TaskSwitch, .-WLX_TaskSwitch
 315              		.align	2
 316              		.global	WLX_TaskStart
 317              		.type	WLX_TaskStart, %function
 318              	WLX_TaskStart:
 319              		.fnstart
 320              	.LFB4:
 121:../wanlix/wlx_core_c.c **** 
 122:../wanlix/wlx_core_c.c **** /***********************************************************************************
 123:../wanlix/wlx_core_c.c **** 函数功能: 开始进入任务调度.
 124:../wanlix/wlx_core_c.c **** 入口参数: pstrTcb: 即将运行的任务的TCB指针.
 125:../wanlix/wlx_core_c.c **** 返 回 值: none.
 126:../wanlix/wlx_core_c.c **** ***********************************************************************************/
 127:../wanlix/wlx_core_c.c **** void WLX_TaskStart(W_TCB* pstrTcb)
 128:../wanlix/wlx_core_c.c **** {
 321              		.loc 1 128 0
 322              		.cfi_startproc
 323              		@ Function supports interworking.
 324              		@ args = 0, pretend = 0, frame = 0
 325              		@ frame_needed = 1, uses_anonymous_args = 0
 326              	.LVL20:
 129:../wanlix/wlx_core_c.c ****     /* 保存即将运行任务的堆栈指针 */
 130:../wanlix/wlx_core_c.c ****     guiNextTaskSp = pstrTcb->uiTaskCurSp;
 327              		.loc 1 130 0
 328 0178 002090E5 		ldr	r2, [r0, #0]
 329 017c 24109FE5 		ldr	r1, .L13
 131:../wanlix/wlx_core_c.c **** 
 132:../wanlix/wlx_core_c.c ****     /* 保存即将运行任务的TCB */
ARM GAS  C:\DOCUME~1\ADMINI~1\LOCALS~1\Temp\ccVqHJiV.s 			page 10


 133:../wanlix/wlx_core_c.c ****     gpstrCurTcb = pstrTcb;
 330              		.loc 1 133 0
 331 0180 24309FE5 		ldr	r3, .L13+4
 128:../wanlix/wlx_core_c.c **** {
 332              		.loc 1 128 0
 333              		.movsp ip
 334 0184 0DC0A0E1 		mov	ip, sp
 335              	.LCFI6:
 336              		.cfi_def_cfa_register 12
 337 0188 00D82DE9 		stmfd	sp!, {fp, ip, lr, pc}
 338              		.pad #4
 339              		.save {fp, ip, lr}
 340              		.setfp fp, ip, #-4
 341 018c 04B04CE2 		sub	fp, ip, #4
 342              		.cfi_offset 14, -8
 343              		.cfi_offset 13, -12
 344              		.cfi_offset 11, -16
 345              	.LCFI7:
 346              		.cfi_def_cfa 11, 4
 130:../wanlix/wlx_core_c.c ****     guiNextTaskSp = pstrTcb->uiTaskCurSp;
 347              		.loc 1 130 0
 348 0190 002081E5 		str	r2, [r1, #0]
 349              		.loc 1 133 0
 350 0194 000083E5 		str	r0, [r3, #0]
 134:../wanlix/wlx_core_c.c **** 
 135:../wanlix/wlx_core_c.c ****     WLX_SwitchToTask();
 351              		.loc 1 135 0
 352 0198 FEFFFFEB 		bl	WLX_SwitchToTask
 353              	.LVL21:
 136:../wanlix/wlx_core_c.c **** }
 354              		.loc 1 136 0
 355 019c 0CD04BE2 		sub	sp, fp, #12
 356 01a0 00689DE8 		ldmfd	sp, {fp, sp, lr}
 357 01a4 1EFF2FE1 		bx	lr
 358              	.L14:
 359              		.align	2
 360              	.L13:
 361 01a8 00000000 		.word	guiNextTaskSp
 362 01ac 00000000 		.word	gpstrCurTcb
 363              		.cfi_endproc
 364              	.LFE4:
 365              		.fnend
 366              		.size	WLX_TaskStart, .-WLX_TaskStart
 367              		.comm	gpstrCurTcb,4,4
 368              		.comm	guiNextTaskSp,4,4
 369              		.comm	gpuiCurTaskSpAddr,4,4
 370              	.Letext0:
 371              		.section	.debug_loc,"",%progbits
 372              	.Ldebug_loc0:
 373              	.LLST0:
 374 0000 00000000 		.4byte	.LVL0-.Ltext0
 375 0004 08000000 		.4byte	.LVL2-.Ltext0
 376 0008 0100     		.2byte	0x1
 377 000a 50       		.byte	0x50
 378 000b 00000000 		.4byte	0x0
 379 000f 00000000 		.4byte	0x0
 380              	.LLST1:
ARM GAS  C:\DOCUME~1\ADMINI~1\LOCALS~1\Temp\ccVqHJiV.s 			page 11


 381 0013 00000000 		.4byte	.LVL0-.Ltext0
 382 0017 04000000 		.4byte	.LVL1-.Ltext0
 383 001b 0100     		.2byte	0x1
 384 001d 51       		.byte	0x51
 385 001e 00000000 		.4byte	0x0
 386 0022 00000000 		.4byte	0x0
 387              	.LLST2:
 388 0026 00000000 		.4byte	.LVL0-.Ltext0
 389 002a 04000000 		.4byte	.LVL1-.Ltext0
 390 002e 0900     		.2byte	0x9
 391 0030 71       		.byte	0x71
 392 0031 00       		.sleb128 0
 393 0032 70       		.byte	0x70
 394 0033 00       		.sleb128 0
 395 0034 22       		.byte	0x22
 396 0035 09       		.byte	0x9
 397 0036 FC       		.byte	0xfc
 398 0037 1A       		.byte	0x1a
 399 0038 9F       		.byte	0x9f
 400 0039 08000000 		.4byte	.LVL2-.Ltext0
 401 003d 0C000000 		.4byte	.LVL3-.Ltext0
 402 0041 0100     		.2byte	0x1
 403 0043 50       		.byte	0x50
 404 0044 0C000000 		.4byte	.LVL3-.Ltext0
 405 0048 14000000 		.4byte	.LFE1-.Ltext0
 406 004c 0300     		.2byte	0x3
 407 004e 70       		.byte	0x70
 408 004f 04       		.sleb128 4
 409 0050 9F       		.byte	0x9f
 410 0051 00000000 		.4byte	0x0
 411 0055 00000000 		.4byte	0x0
 412              	.LLST3:
 413 0059 14000000 		.4byte	.LFB2-.Ltext0
 414 005d 18000000 		.4byte	.LCFI0-.Ltext0
 415 0061 0200     		.2byte	0x2
 416 0063 7D       		.byte	0x7d
 417 0064 00       		.sleb128 0
 418 0065 18000000 		.4byte	.LCFI0-.Ltext0
 419 0069 20000000 		.4byte	.LCFI1-.Ltext0
 420 006d 0200     		.2byte	0x2
 421 006f 7D       		.byte	0x7d
 422 0070 1C       		.sleb128 28
 423 0071 20000000 		.4byte	.LCFI1-.Ltext0
 424 0075 D8000000 		.4byte	.LFE2-.Ltext0
 425 0079 0300     		.2byte	0x3
 426 007b 7D       		.byte	0x7d
 427 007c C000     		.sleb128 64
 428 007e 00000000 		.4byte	0x0
 429 0082 00000000 		.4byte	0x0
 430              	.LLST4:
 431 0086 14000000 		.4byte	.LVL4-.Ltext0
 432 008a 68000000 		.4byte	.LVL6-.Ltext0
 433 008e 0100     		.2byte	0x1
 434 0090 51       		.byte	0x51
 435 0091 68000000 		.4byte	.LVL6-.Ltext0
 436 0095 D8000000 		.4byte	.LFE2-.Ltext0
 437 0099 0600     		.2byte	0x6
ARM GAS  C:\DOCUME~1\ADMINI~1\LOCALS~1\Temp\ccVqHJiV.s 			page 12


 438 009b 70       		.byte	0x70
 439 009c 00       		.sleb128 0
 440 009d 06       		.byte	0x6
 441 009e 09       		.byte	0x9
 442 009f FC       		.byte	0xfc
 443 00a0 22       		.byte	0x22
 444 00a1 00000000 		.4byte	0x0
 445 00a5 00000000 		.4byte	0x0
 446              	.LLST5:
 447 00a9 1C000000 		.4byte	.LVL5-.Ltext0
 448 00ad 6C000000 		.4byte	.LVL7-.Ltext0
 449 00b1 0200     		.2byte	0x2
 450 00b3 70       		.byte	0x70
 451 00b4 00       		.sleb128 0
 452 00b5 6C000000 		.4byte	.LVL7-.Ltext0
 453 00b9 74000000 		.4byte	.LVL8-.Ltext0
 454 00bd 0200     		.2byte	0x2
 455 00bf 70       		.byte	0x70
 456 00c0 00       		.sleb128 0
 457 00c1 74000000 		.4byte	.LVL8-.Ltext0
 458 00c5 8C000000 		.4byte	.LVL9-.Ltext0
 459 00c9 0100     		.2byte	0x1
 460 00cb 53       		.byte	0x53
 461 00cc 8C000000 		.4byte	.LVL9-.Ltext0
 462 00d0 D8000000 		.4byte	.LFE2-.Ltext0
 463 00d4 0200     		.2byte	0x2
 464 00d6 91       		.byte	0x91
 465 00d7 54       		.sleb128 -44
 466 00d8 00000000 		.4byte	0x0
 467 00dc 00000000 		.4byte	0x0
 468              	.LLST6:
 469 00e0 D8000000 		.4byte	.LFB0-.Ltext0
 470 00e4 DC000000 		.4byte	.LCFI2-.Ltext0
 471 00e8 0200     		.2byte	0x2
 472 00ea 7D       		.byte	0x7d
 473 00eb 00       		.sleb128 0
 474 00ec DC000000 		.4byte	.LCFI2-.Ltext0
 475 00f0 E8000000 		.4byte	.LCFI3-.Ltext0
 476 00f4 0200     		.2byte	0x2
 477 00f6 7C       		.byte	0x7c
 478 00f7 00       		.sleb128 0
 479 00f8 E8000000 		.4byte	.LCFI3-.Ltext0
 480 00fc 30010000 		.4byte	.LFE0-.Ltext0
 481 0100 0200     		.2byte	0x2
 482 0102 7B       		.byte	0x7b
 483 0103 04       		.sleb128 4
 484 0104 00000000 		.4byte	0x0
 485 0108 00000000 		.4byte	0x0
 486              	.LLST7:
 487 010c D8000000 		.4byte	.LVL10-.Ltext0
 488 0110 F0000000 		.4byte	.LVL11-.Ltext0
 489 0114 0100     		.2byte	0x1
 490 0116 50       		.byte	0x50
 491 0117 00010000 		.4byte	.LVL12-.Ltext0
 492 011b 14010000 		.4byte	.LVL14-.Ltext0
 493 011f 0100     		.2byte	0x1
 494 0121 50       		.byte	0x50
ARM GAS  C:\DOCUME~1\ADMINI~1\LOCALS~1\Temp\ccVqHJiV.s 			page 13


 495 0122 14010000 		.4byte	.LVL14-.Ltext0
 496 0126 2B010000 		.4byte	.LVL17-1-.Ltext0
 497 012a 0100     		.2byte	0x1
 498 012c 53       		.byte	0x53
 499 012d 00000000 		.4byte	0x0
 500 0131 00000000 		.4byte	0x0
 501              	.LLST8:
 502 0135 D8000000 		.4byte	.LVL10-.Ltext0
 503 0139 F0000000 		.4byte	.LVL11-.Ltext0
 504 013d 0100     		.2byte	0x1
 505 013f 51       		.byte	0x51
 506 0140 00010000 		.4byte	.LVL12-.Ltext0
 507 0144 28010000 		.4byte	.LVL16-.Ltext0
 508 0148 0100     		.2byte	0x1
 509 014a 51       		.byte	0x51
 510 014b 00000000 		.4byte	0x0
 511 014f 00000000 		.4byte	0x0
 512              	.LLST9:
 513 0153 D8000000 		.4byte	.LVL10-.Ltext0
 514 0157 F0000000 		.4byte	.LVL11-.Ltext0
 515 015b 0100     		.2byte	0x1
 516 015d 52       		.byte	0x52
 517 015e 00010000 		.4byte	.LVL12-.Ltext0
 518 0162 2B010000 		.4byte	.LVL17-1-.Ltext0
 519 0166 0100     		.2byte	0x1
 520 0168 52       		.byte	0x52
 521 0169 00000000 		.4byte	0x0
 522 016d 00000000 		.4byte	0x0
 523              	.LLST10:
 524 0171 10010000 		.4byte	.LVL13-.Ltext0
 525 0175 2B010000 		.4byte	.LVL17-1-.Ltext0
 526 0179 0100     		.2byte	0x1
 527 017b 52       		.byte	0x52
 528 017c 00000000 		.4byte	0x0
 529 0180 00000000 		.4byte	0x0
 530              	.LLST11:
 531 0184 10010000 		.4byte	.LVL13-.Ltext0
 532 0188 28010000 		.4byte	.LVL16-.Ltext0
 533 018c 0100     		.2byte	0x1
 534 018e 51       		.byte	0x51
 535 018f 00000000 		.4byte	0x0
 536 0193 00000000 		.4byte	0x0
 537              	.LLST12:
 538 0197 10010000 		.4byte	.LVL13-.Ltext0
 539 019b 28010000 		.4byte	.LVL16-.Ltext0
 540 019f 0900     		.2byte	0x9
 541 01a1 71       		.byte	0x71
 542 01a2 00       		.sleb128 0
 543 01a3 72       		.byte	0x72
 544 01a4 00       		.sleb128 0
 545 01a5 22       		.byte	0x22
 546 01a6 09       		.byte	0x9
 547 01a7 FC       		.byte	0xfc
 548 01a8 1A       		.byte	0x1a
 549 01a9 9F       		.byte	0x9f
 550 01aa 28010000 		.4byte	.LVL16-.Ltext0
 551 01ae 30010000 		.4byte	.LFE0-.Ltext0
ARM GAS  C:\DOCUME~1\ADMINI~1\LOCALS~1\Temp\ccVqHJiV.s 			page 14


 552 01b2 0300     		.2byte	0x3
 553 01b4 74       		.byte	0x74
 554 01b5 04       		.sleb128 4
 555 01b6 9F       		.byte	0x9f
 556 01b7 00000000 		.4byte	0x0
 557 01bb 00000000 		.4byte	0x0
 558              	.LLST13:
 559 01bf 30010000 		.4byte	.LFB3-.Ltext0
 560 01c3 38010000 		.4byte	.LCFI4-.Ltext0
 561 01c7 0200     		.2byte	0x2
 562 01c9 7D       		.byte	0x7d
 563 01ca 00       		.sleb128 0
 564 01cb 38010000 		.4byte	.LCFI4-.Ltext0
 565 01cf 44010000 		.4byte	.LCFI5-.Ltext0
 566 01d3 0200     		.2byte	0x2
 567 01d5 7C       		.byte	0x7c
 568 01d6 00       		.sleb128 0
 569 01d7 44010000 		.4byte	.LCFI5-.Ltext0
 570 01db 78010000 		.4byte	.LFE3-.Ltext0
 571 01df 0200     		.2byte	0x2
 572 01e1 7B       		.byte	0x7b
 573 01e2 04       		.sleb128 4
 574 01e3 00000000 		.4byte	0x0
 575 01e7 00000000 		.4byte	0x0
 576              	.LLST14:
 577 01eb 30010000 		.4byte	.LVL18-.Ltext0
 578 01ef 5F010000 		.4byte	.LVL19-1-.Ltext0
 579 01f3 0100     		.2byte	0x1
 580 01f5 50       		.byte	0x50
 581 01f6 00000000 		.4byte	0x0
 582 01fa 00000000 		.4byte	0x0
 583              	.LLST15:
 584 01fe 78010000 		.4byte	.LFB4-.Ltext0
 585 0202 88010000 		.4byte	.LCFI6-.Ltext0
 586 0206 0200     		.2byte	0x2
 587 0208 7D       		.byte	0x7d
 588 0209 00       		.sleb128 0
 589 020a 88010000 		.4byte	.LCFI6-.Ltext0
 590 020e 90010000 		.4byte	.LCFI7-.Ltext0
 591 0212 0200     		.2byte	0x2
 592 0214 7C       		.byte	0x7c
 593 0215 00       		.sleb128 0
 594 0216 90010000 		.4byte	.LCFI7-.Ltext0
 595 021a B0010000 		.4byte	.LFE4-.Ltext0
 596 021e 0200     		.2byte	0x2
 597 0220 7B       		.byte	0x7b
 598 0221 04       		.sleb128 4
 599 0222 00000000 		.4byte	0x0
 600 0226 00000000 		.4byte	0x0
 601              	.LLST16:
 602 022a 78010000 		.4byte	.LVL20-.Ltext0
 603 022e 9B010000 		.4byte	.LVL21-1-.Ltext0
 604 0232 0100     		.2byte	0x1
 605 0234 50       		.byte	0x50
 606 0235 00000000 		.4byte	0x0
 607 0239 00000000 		.4byte	0x0
 608              		.file 2 "../wanlix/wanlix.h"
ARM GAS  C:\DOCUME~1\ADMINI~1\LOCALS~1\Temp\ccVqHJiV.s 			page 15


 609              		.section	.debug_info
 610 0000 AA020000 		.4byte	0x2aa
 611 0004 0200     		.2byte	0x2
 612 0006 00000000 		.4byte	.Ldebug_abbrev0
 613 000a 04       		.byte	0x4
 614 000b 01       		.uleb128 0x1
 615 000c 00000000 		.4byte	.LASF19
 616 0010 01       		.byte	0x1
 617 0011 15010000 		.4byte	.LASF20
 618 0015 34000000 		.4byte	.LASF21
 619 0019 00000000 		.4byte	.Ltext0
 620 001d B0010000 		.4byte	.Letext0
 621 0021 00000000 		.4byte	.Ldebug_line0
 622 0025 02       		.uleb128 0x2
 623 0026 553800   		.ascii	"U8\000"
 624 0029 02       		.byte	0x2
 625 002a 07       		.byte	0x7
 626 002b 2F000000 		.4byte	0x2f
 627 002f 03       		.uleb128 0x3
 628 0030 01       		.byte	0x1
 629 0031 08       		.byte	0x8
 630 0032 97000000 		.4byte	.LASF0
 631 0036 03       		.uleb128 0x3
 632 0037 02       		.byte	0x2
 633 0038 07       		.byte	0x7
 634 0039 DE000000 		.4byte	.LASF1
 635 003d 02       		.uleb128 0x2
 636 003e 55333200 		.ascii	"U32\000"
 637 0042 02       		.byte	0x2
 638 0043 09       		.byte	0x9
 639 0044 48000000 		.4byte	0x48
 640 0048 03       		.uleb128 0x3
 641 0049 04       		.byte	0x4
 642 004a 07       		.byte	0x7
 643 004b 0C000000 		.4byte	.LASF2
 644 004f 03       		.uleb128 0x3
 645 0050 01       		.byte	0x1
 646 0051 08       		.byte	0x8
 647 0052 B3000000 		.4byte	.LASF3
 648 0056 03       		.uleb128 0x3
 649 0057 02       		.byte	0x2
 650 0058 05       		.byte	0x5
 651 0059 38010000 		.4byte	.LASF4
 652 005d 04       		.uleb128 0x4
 653 005e 04       		.byte	0x4
 654 005f 05       		.byte	0x5
 655 0060 696E7400 		.ascii	"int\000"
 656 0064 05       		.uleb128 0x5
 657 0065 83000000 		.4byte	.LASF5
 658 0069 02       		.byte	0x2
 659 006a 0D       		.byte	0xd
 660 006b 6F000000 		.4byte	0x6f
 661 006f 06       		.uleb128 0x6
 662 0070 04       		.byte	0x4
 663 0071 75000000 		.4byte	0x75
 664 0075 07       		.uleb128 0x7
 665 0076 01       		.byte	0x1
ARM GAS  C:\DOCUME~1\ADMINI~1\LOCALS~1\Temp\ccVqHJiV.s 			page 16


 666 0077 08       		.uleb128 0x8
 667 0078 42010000 		.4byte	.LASF22
 668 007c 04       		.byte	0x4
 669 007d 02       		.byte	0x2
 670 007e 1F       		.byte	0x1f
 671 007f 92000000 		.4byte	0x92
 672 0083 09       		.uleb128 0x9
 673 0084 28000000 		.4byte	.LASF23
 674 0088 02       		.byte	0x2
 675 0089 21       		.byte	0x21
 676 008a 3D000000 		.4byte	0x3d
 677 008e 02       		.byte	0x2
 678 008f 23       		.byte	0x23
 679 0090 00       		.uleb128 0x0
 680 0091 00       		.byte	0x0
 681 0092 05       		.uleb128 0x5
 682 0093 89000000 		.4byte	.LASF6
 683 0097 02       		.byte	0x2
 684 0098 22       		.byte	0x22
 685 0099 77000000 		.4byte	0x77
 686 009d 0A       		.uleb128 0xa
 687 009e 01       		.byte	0x1
 688 009f 48010000 		.4byte	.LASF24
 689 00a3 01       		.byte	0x1
 690 00a4 33       		.byte	0x33
 691 00a5 01       		.byte	0x1
 692 00a6 DC000000 		.4byte	0xdc
 693 00aa 01       		.byte	0x1
 694 00ab DC000000 		.4byte	0xdc
 695 00af 0B       		.uleb128 0xb
 696 00b0 76000000 		.4byte	.LASF7
 697 00b4 01       		.byte	0x1
 698 00b5 33       		.byte	0x33
 699 00b6 E2000000 		.4byte	0xe2
 700 00ba 0B       		.uleb128 0xb
 701 00bb 2C010000 		.4byte	.LASF8
 702 00bf 01       		.byte	0x1
 703 00c0 33       		.byte	0x33
 704 00c1 3D000000 		.4byte	0x3d
 705 00c5 0C       		.uleb128 0xc
 706 00c6 8F000000 		.4byte	.LASF9
 707 00ca 01       		.byte	0x1
 708 00cb 35       		.byte	0x35
 709 00cc DC000000 		.4byte	0xdc
 710 00d0 0C       		.uleb128 0xc
 711 00d1 D2000000 		.4byte	.LASF10
 712 00d5 01       		.byte	0x1
 713 00d6 36       		.byte	0x36
 714 00d7 E2000000 		.4byte	0xe2
 715 00db 00       		.byte	0x0
 716 00dc 06       		.uleb128 0x6
 717 00dd 04       		.byte	0x4
 718 00de 92000000 		.4byte	0x92
 719 00e2 06       		.uleb128 0x6
 720 00e3 04       		.byte	0x4
 721 00e4 25000000 		.4byte	0x25
 722 00e8 0D       		.uleb128 0xd
ARM GAS  C:\DOCUME~1\ADMINI~1\LOCALS~1\Temp\ccVqHJiV.s 			page 17


 723 00e9 9D000000 		.4byte	0x9d
 724 00ed 00000000 		.4byte	.LFB1
 725 00f1 14000000 		.4byte	.LFE1
 726 00f5 02       		.byte	0x2
 727 00f6 7D       		.byte	0x7d
 728 00f7 00       		.sleb128 0
 729 00f8 1F010000 		.4byte	0x11f
 730 00fc 0E       		.uleb128 0xe
 731 00fd AF000000 		.4byte	0xaf
 732 0101 00000000 		.4byte	.LLST0
 733 0105 0E       		.uleb128 0xe
 734 0106 BA000000 		.4byte	0xba
 735 010a 13000000 		.4byte	.LLST1
 736 010e 0F       		.uleb128 0xf
 737 010f C5000000 		.4byte	0xc5
 738 0113 01       		.byte	0x1
 739 0114 50       		.byte	0x50
 740 0115 10       		.uleb128 0x10
 741 0116 D0000000 		.4byte	0xd0
 742 011a 26000000 		.4byte	.LLST2
 743 011e 00       		.byte	0x0
 744 011f 11       		.uleb128 0x11
 745 0120 01       		.byte	0x1
 746 0121 03010000 		.4byte	.LASF13
 747 0125 01       		.byte	0x1
 748 0126 4A       		.byte	0x4a
 749 0127 01       		.byte	0x1
 750 0128 14000000 		.4byte	.LFB2
 751 012c D8000000 		.4byte	.LFE2
 752 0130 59000000 		.4byte	.LLST3
 753 0134 64010000 		.4byte	0x164
 754 0138 12       		.uleb128 0x12
 755 0139 8F000000 		.4byte	.LASF9
 756 013d 01       		.byte	0x1
 757 013e 4A       		.byte	0x4a
 758 013f DC000000 		.4byte	0xdc
 759 0143 01       		.byte	0x1
 760 0144 50       		.byte	0x50
 761 0145 13       		.uleb128 0x13
 762 0146 C4000000 		.4byte	.LASF11
 763 014a 01       		.byte	0x1
 764 014b 4A       		.byte	0x4a
 765 014c 64000000 		.4byte	0x64
 766 0150 86000000 		.4byte	.LLST4
 767 0154 14       		.uleb128 0x14
 768 0155 62000000 		.4byte	.LASF12
 769 0159 01       		.byte	0x1
 770 015a 4C       		.byte	0x4c
 771 015b 64010000 		.4byte	0x164
 772 015f A9000000 		.4byte	.LLST5
 773 0163 00       		.byte	0x0
 774 0164 06       		.uleb128 0x6
 775 0165 04       		.byte	0x4
 776 0166 3D000000 		.4byte	0x3d
 777 016a 15       		.uleb128 0x15
 778 016b 01       		.byte	0x1
 779 016c 53000000 		.4byte	.LASF25
ARM GAS  C:\DOCUME~1\ADMINI~1\LOCALS~1\Temp\ccVqHJiV.s 			page 18


 780 0170 01       		.byte	0x1
 781 0171 12       		.byte	0x12
 782 0172 01       		.byte	0x1
 783 0173 DC000000 		.4byte	0xdc
 784 0177 D8000000 		.4byte	.LFB0
 785 017b 30010000 		.4byte	.LFE0
 786 017f E0000000 		.4byte	.LLST6
 787 0183 FE010000 		.4byte	0x1fe
 788 0187 13       		.uleb128 0x13
 789 0188 C4000000 		.4byte	.LASF11
 790 018c 01       		.byte	0x1
 791 018d 12       		.byte	0x12
 792 018e 64000000 		.4byte	0x64
 793 0192 0C010000 		.4byte	.LLST7
 794 0196 13       		.uleb128 0x13
 795 0197 76000000 		.4byte	.LASF7
 796 019b 01       		.byte	0x1
 797 019c 12       		.byte	0x12
 798 019d E2000000 		.4byte	0xe2
 799 01a1 35010000 		.4byte	.LLST8
 800 01a5 13       		.uleb128 0x13
 801 01a6 2C010000 		.4byte	.LASF8
 802 01aa 01       		.byte	0x1
 803 01ab 12       		.byte	0x12
 804 01ac 3D000000 		.4byte	0x3d
 805 01b0 53010000 		.4byte	.LLST9
 806 01b4 16       		.uleb128 0x16
 807 01b5 8F000000 		.4byte	.LASF9
 808 01b9 01       		.byte	0x1
 809 01ba 14       		.byte	0x14
 810 01bb DC000000 		.4byte	0xdc
 811 01bf 01       		.byte	0x1
 812 01c0 54       		.byte	0x54
 813 01c1 17       		.uleb128 0x17
 814 01c2 9D000000 		.4byte	0x9d
 815 01c6 10010000 		.4byte	.LBB4
 816 01ca 20010000 		.4byte	.LBE4
 817 01ce 01       		.byte	0x1
 818 01cf 25       		.byte	0x25
 819 01d0 0E       		.uleb128 0xe
 820 01d1 BA000000 		.4byte	0xba
 821 01d5 71010000 		.4byte	.LLST10
 822 01d9 0E       		.uleb128 0xe
 823 01da AF000000 		.4byte	0xaf
 824 01de 84010000 		.4byte	.LLST11
 825 01e2 18       		.uleb128 0x18
 826 01e3 10010000 		.4byte	.LBB5
 827 01e7 20010000 		.4byte	.LBE5
 828 01eb 0F       		.uleb128 0xf
 829 01ec C5000000 		.4byte	0xc5
 830 01f0 01       		.byte	0x1
 831 01f1 54       		.byte	0x54
 832 01f2 10       		.uleb128 0x10
 833 01f3 D0000000 		.4byte	0xd0
 834 01f7 97010000 		.4byte	.LLST12
 835 01fb 00       		.byte	0x0
 836 01fc 00       		.byte	0x0
ARM GAS  C:\DOCUME~1\ADMINI~1\LOCALS~1\Temp\ccVqHJiV.s 			page 19


 837 01fd 00       		.byte	0x0
 838 01fe 11       		.uleb128 0x11
 839 01ff 01       		.byte	0x1
 840 0200 19000000 		.4byte	.LASF14
 841 0204 01       		.byte	0x1
 842 0205 6B       		.byte	0x6b
 843 0206 01       		.byte	0x1
 844 0207 30010000 		.4byte	.LFB3
 845 020b 78010000 		.4byte	.LFE3
 846 020f BF010000 		.4byte	.LLST13
 847 0213 27020000 		.4byte	0x227
 848 0217 13       		.uleb128 0x13
 849 0218 8F000000 		.4byte	.LASF9
 850 021c 01       		.byte	0x1
 851 021d 6B       		.byte	0x6b
 852 021e DC000000 		.4byte	0xdc
 853 0222 EB010000 		.4byte	.LLST14
 854 0226 00       		.byte	0x0
 855 0227 11       		.uleb128 0x11
 856 0228 01       		.byte	0x1
 857 0229 68000000 		.4byte	.LASF15
 858 022d 01       		.byte	0x1
 859 022e 7F       		.byte	0x7f
 860 022f 01       		.byte	0x1
 861 0230 78010000 		.4byte	.LFB4
 862 0234 B0010000 		.4byte	.LFE4
 863 0238 FE010000 		.4byte	.LLST15
 864 023c 50020000 		.4byte	0x250
 865 0240 13       		.uleb128 0x13
 866 0241 8F000000 		.4byte	.LASF9
 867 0245 01       		.byte	0x1
 868 0246 7F       		.byte	0x7f
 869 0247 DC000000 		.4byte	0xdc
 870 024b 2A020000 		.4byte	.LLST16
 871 024f 00       		.byte	0x0
 872 0250 19       		.uleb128 0x19
 873 0251 B8000000 		.4byte	.LASF16
 874 0255 01       		.byte	0x1
 875 0256 05       		.byte	0x5
 876 0257 DC000000 		.4byte	0xdc
 877 025b 01       		.byte	0x1
 878 025c 01       		.byte	0x1
 879 025d 19       		.uleb128 0x19
 880 025e A5000000 		.4byte	.LASF17
 881 0262 01       		.byte	0x1
 882 0263 06       		.byte	0x6
 883 0264 3D000000 		.4byte	0x3d
 884 0268 01       		.byte	0x1
 885 0269 01       		.byte	0x1
 886 026a 19       		.uleb128 0x19
 887 026b F1000000 		.4byte	.LASF18
 888 026f 01       		.byte	0x1
 889 0270 07       		.byte	0x7
 890 0271 64010000 		.4byte	0x164
 891 0275 01       		.byte	0x1
 892 0276 01       		.byte	0x1
 893 0277 1A       		.uleb128 0x1a
ARM GAS  C:\DOCUME~1\ADMINI~1\LOCALS~1\Temp\ccVqHJiV.s 			page 20


 894 0278 B8000000 		.4byte	.LASF16
 895 027c 01       		.byte	0x1
 896 027d 05       		.byte	0x5
 897 027e DC000000 		.4byte	0xdc
 898 0282 01       		.byte	0x1
 899 0283 05       		.byte	0x5
 900 0284 03       		.byte	0x3
 901 0285 00000000 		.4byte	gpstrCurTcb
 902 0289 1A       		.uleb128 0x1a
 903 028a A5000000 		.4byte	.LASF17
 904 028e 01       		.byte	0x1
 905 028f 06       		.byte	0x6
 906 0290 3D000000 		.4byte	0x3d
 907 0294 01       		.byte	0x1
 908 0295 05       		.byte	0x5
 909 0296 03       		.byte	0x3
 910 0297 00000000 		.4byte	guiNextTaskSp
 911 029b 1A       		.uleb128 0x1a
 912 029c F1000000 		.4byte	.LASF18
 913 02a0 01       		.byte	0x1
 914 02a1 07       		.byte	0x7
 915 02a2 64010000 		.4byte	0x164
 916 02a6 01       		.byte	0x1
 917 02a7 05       		.byte	0x5
 918 02a8 03       		.byte	0x3
 919 02a9 00000000 		.4byte	gpuiCurTaskSpAddr
 920 02ad 00       		.byte	0x0
 921              		.section	.debug_abbrev
 922 0000 01       		.uleb128 0x1
 923 0001 11       		.uleb128 0x11
 924 0002 01       		.byte	0x1
 925 0003 25       		.uleb128 0x25
 926 0004 0E       		.uleb128 0xe
 927 0005 13       		.uleb128 0x13
 928 0006 0B       		.uleb128 0xb
 929 0007 03       		.uleb128 0x3
 930 0008 0E       		.uleb128 0xe
 931 0009 1B       		.uleb128 0x1b
 932 000a 0E       		.uleb128 0xe
 933 000b 11       		.uleb128 0x11
 934 000c 01       		.uleb128 0x1
 935 000d 12       		.uleb128 0x12
 936 000e 01       		.uleb128 0x1
 937 000f 10       		.uleb128 0x10
 938 0010 06       		.uleb128 0x6
 939 0011 00       		.byte	0x0
 940 0012 00       		.byte	0x0
 941 0013 02       		.uleb128 0x2
 942 0014 16       		.uleb128 0x16
 943 0015 00       		.byte	0x0
 944 0016 03       		.uleb128 0x3
 945 0017 08       		.uleb128 0x8
 946 0018 3A       		.uleb128 0x3a
 947 0019 0B       		.uleb128 0xb
 948 001a 3B       		.uleb128 0x3b
 949 001b 0B       		.uleb128 0xb
 950 001c 49       		.uleb128 0x49
ARM GAS  C:\DOCUME~1\ADMINI~1\LOCALS~1\Temp\ccVqHJiV.s 			page 21


 951 001d 13       		.uleb128 0x13
 952 001e 00       		.byte	0x0
 953 001f 00       		.byte	0x0
 954 0020 03       		.uleb128 0x3
 955 0021 24       		.uleb128 0x24
 956 0022 00       		.byte	0x0
 957 0023 0B       		.uleb128 0xb
 958 0024 0B       		.uleb128 0xb
 959 0025 3E       		.uleb128 0x3e
 960 0026 0B       		.uleb128 0xb
 961 0027 03       		.uleb128 0x3
 962 0028 0E       		.uleb128 0xe
 963 0029 00       		.byte	0x0
 964 002a 00       		.byte	0x0
 965 002b 04       		.uleb128 0x4
 966 002c 24       		.uleb128 0x24
 967 002d 00       		.byte	0x0
 968 002e 0B       		.uleb128 0xb
 969 002f 0B       		.uleb128 0xb
 970 0030 3E       		.uleb128 0x3e
 971 0031 0B       		.uleb128 0xb
 972 0032 03       		.uleb128 0x3
 973 0033 08       		.uleb128 0x8
 974 0034 00       		.byte	0x0
 975 0035 00       		.byte	0x0
 976 0036 05       		.uleb128 0x5
 977 0037 16       		.uleb128 0x16
 978 0038 00       		.byte	0x0
 979 0039 03       		.uleb128 0x3
 980 003a 0E       		.uleb128 0xe
 981 003b 3A       		.uleb128 0x3a
 982 003c 0B       		.uleb128 0xb
 983 003d 3B       		.uleb128 0x3b
 984 003e 0B       		.uleb128 0xb
 985 003f 49       		.uleb128 0x49
 986 0040 13       		.uleb128 0x13
 987 0041 00       		.byte	0x0
 988 0042 00       		.byte	0x0
 989 0043 06       		.uleb128 0x6
 990 0044 0F       		.uleb128 0xf
 991 0045 00       		.byte	0x0
 992 0046 0B       		.uleb128 0xb
 993 0047 0B       		.uleb128 0xb
 994 0048 49       		.uleb128 0x49
 995 0049 13       		.uleb128 0x13
 996 004a 00       		.byte	0x0
 997 004b 00       		.byte	0x0
 998 004c 07       		.uleb128 0x7
 999 004d 15       		.uleb128 0x15
 1000 004e 00       		.byte	0x0
 1001 004f 27       		.uleb128 0x27
 1002 0050 0C       		.uleb128 0xc
 1003 0051 00       		.byte	0x0
 1004 0052 00       		.byte	0x0
 1005 0053 08       		.uleb128 0x8
 1006 0054 13       		.uleb128 0x13
 1007 0055 01       		.byte	0x1
ARM GAS  C:\DOCUME~1\ADMINI~1\LOCALS~1\Temp\ccVqHJiV.s 			page 22


 1008 0056 03       		.uleb128 0x3
 1009 0057 0E       		.uleb128 0xe
 1010 0058 0B       		.uleb128 0xb
 1011 0059 0B       		.uleb128 0xb
 1012 005a 3A       		.uleb128 0x3a
 1013 005b 0B       		.uleb128 0xb
 1014 005c 3B       		.uleb128 0x3b
 1015 005d 0B       		.uleb128 0xb
 1016 005e 01       		.uleb128 0x1
 1017 005f 13       		.uleb128 0x13
 1018 0060 00       		.byte	0x0
 1019 0061 00       		.byte	0x0
 1020 0062 09       		.uleb128 0x9
 1021 0063 0D       		.uleb128 0xd
 1022 0064 00       		.byte	0x0
 1023 0065 03       		.uleb128 0x3
 1024 0066 0E       		.uleb128 0xe
 1025 0067 3A       		.uleb128 0x3a
 1026 0068 0B       		.uleb128 0xb
 1027 0069 3B       		.uleb128 0x3b
 1028 006a 0B       		.uleb128 0xb
 1029 006b 49       		.uleb128 0x49
 1030 006c 13       		.uleb128 0x13
 1031 006d 38       		.uleb128 0x38
 1032 006e 0A       		.uleb128 0xa
 1033 006f 00       		.byte	0x0
 1034 0070 00       		.byte	0x0
 1035 0071 0A       		.uleb128 0xa
 1036 0072 2E       		.uleb128 0x2e
 1037 0073 01       		.byte	0x1
 1038 0074 3F       		.uleb128 0x3f
 1039 0075 0C       		.uleb128 0xc
 1040 0076 03       		.uleb128 0x3
 1041 0077 0E       		.uleb128 0xe
 1042 0078 3A       		.uleb128 0x3a
 1043 0079 0B       		.uleb128 0xb
 1044 007a 3B       		.uleb128 0x3b
 1045 007b 0B       		.uleb128 0xb
 1046 007c 27       		.uleb128 0x27
 1047 007d 0C       		.uleb128 0xc
 1048 007e 49       		.uleb128 0x49
 1049 007f 13       		.uleb128 0x13
 1050 0080 20       		.uleb128 0x20
 1051 0081 0B       		.uleb128 0xb
 1052 0082 01       		.uleb128 0x1
 1053 0083 13       		.uleb128 0x13
 1054 0084 00       		.byte	0x0
 1055 0085 00       		.byte	0x0
 1056 0086 0B       		.uleb128 0xb
 1057 0087 05       		.uleb128 0x5
 1058 0088 00       		.byte	0x0
 1059 0089 03       		.uleb128 0x3
 1060 008a 0E       		.uleb128 0xe
 1061 008b 3A       		.uleb128 0x3a
 1062 008c 0B       		.uleb128 0xb
 1063 008d 3B       		.uleb128 0x3b
 1064 008e 0B       		.uleb128 0xb
ARM GAS  C:\DOCUME~1\ADMINI~1\LOCALS~1\Temp\ccVqHJiV.s 			page 23


 1065 008f 49       		.uleb128 0x49
 1066 0090 13       		.uleb128 0x13
 1067 0091 00       		.byte	0x0
 1068 0092 00       		.byte	0x0
 1069 0093 0C       		.uleb128 0xc
 1070 0094 34       		.uleb128 0x34
 1071 0095 00       		.byte	0x0
 1072 0096 03       		.uleb128 0x3
 1073 0097 0E       		.uleb128 0xe
 1074 0098 3A       		.uleb128 0x3a
 1075 0099 0B       		.uleb128 0xb
 1076 009a 3B       		.uleb128 0x3b
 1077 009b 0B       		.uleb128 0xb
 1078 009c 49       		.uleb128 0x49
 1079 009d 13       		.uleb128 0x13
 1080 009e 00       		.byte	0x0
 1081 009f 00       		.byte	0x0
 1082 00a0 0D       		.uleb128 0xd
 1083 00a1 2E       		.uleb128 0x2e
 1084 00a2 01       		.byte	0x1
 1085 00a3 31       		.uleb128 0x31
 1086 00a4 13       		.uleb128 0x13
 1087 00a5 11       		.uleb128 0x11
 1088 00a6 01       		.uleb128 0x1
 1089 00a7 12       		.uleb128 0x12
 1090 00a8 01       		.uleb128 0x1
 1091 00a9 40       		.uleb128 0x40
 1092 00aa 0A       		.uleb128 0xa
 1093 00ab 01       		.uleb128 0x1
 1094 00ac 13       		.uleb128 0x13
 1095 00ad 00       		.byte	0x0
 1096 00ae 00       		.byte	0x0
 1097 00af 0E       		.uleb128 0xe
 1098 00b0 05       		.uleb128 0x5
 1099 00b1 00       		.byte	0x0
 1100 00b2 31       		.uleb128 0x31
 1101 00b3 13       		.uleb128 0x13
 1102 00b4 02       		.uleb128 0x2
 1103 00b5 06       		.uleb128 0x6
 1104 00b6 00       		.byte	0x0
 1105 00b7 00       		.byte	0x0
 1106 00b8 0F       		.uleb128 0xf
 1107 00b9 34       		.uleb128 0x34
 1108 00ba 00       		.byte	0x0
 1109 00bb 31       		.uleb128 0x31
 1110 00bc 13       		.uleb128 0x13
 1111 00bd 02       		.uleb128 0x2
 1112 00be 0A       		.uleb128 0xa
 1113 00bf 00       		.byte	0x0
 1114 00c0 00       		.byte	0x0
 1115 00c1 10       		.uleb128 0x10
 1116 00c2 34       		.uleb128 0x34
 1117 00c3 00       		.byte	0x0
 1118 00c4 31       		.uleb128 0x31
 1119 00c5 13       		.uleb128 0x13
 1120 00c6 02       		.uleb128 0x2
 1121 00c7 06       		.uleb128 0x6
ARM GAS  C:\DOCUME~1\ADMINI~1\LOCALS~1\Temp\ccVqHJiV.s 			page 24


 1122 00c8 00       		.byte	0x0
 1123 00c9 00       		.byte	0x0
 1124 00ca 11       		.uleb128 0x11
 1125 00cb 2E       		.uleb128 0x2e
 1126 00cc 01       		.byte	0x1
 1127 00cd 3F       		.uleb128 0x3f
 1128 00ce 0C       		.uleb128 0xc
 1129 00cf 03       		.uleb128 0x3
 1130 00d0 0E       		.uleb128 0xe
 1131 00d1 3A       		.uleb128 0x3a
 1132 00d2 0B       		.uleb128 0xb
 1133 00d3 3B       		.uleb128 0x3b
 1134 00d4 0B       		.uleb128 0xb
 1135 00d5 27       		.uleb128 0x27
 1136 00d6 0C       		.uleb128 0xc
 1137 00d7 11       		.uleb128 0x11
 1138 00d8 01       		.uleb128 0x1
 1139 00d9 12       		.uleb128 0x12
 1140 00da 01       		.uleb128 0x1
 1141 00db 40       		.uleb128 0x40
 1142 00dc 06       		.uleb128 0x6
 1143 00dd 01       		.uleb128 0x1
 1144 00de 13       		.uleb128 0x13
 1145 00df 00       		.byte	0x0
 1146 00e0 00       		.byte	0x0
 1147 00e1 12       		.uleb128 0x12
 1148 00e2 05       		.uleb128 0x5
 1149 00e3 00       		.byte	0x0
 1150 00e4 03       		.uleb128 0x3
 1151 00e5 0E       		.uleb128 0xe
 1152 00e6 3A       		.uleb128 0x3a
 1153 00e7 0B       		.uleb128 0xb
 1154 00e8 3B       		.uleb128 0x3b
 1155 00e9 0B       		.uleb128 0xb
 1156 00ea 49       		.uleb128 0x49
 1157 00eb 13       		.uleb128 0x13
 1158 00ec 02       		.uleb128 0x2
 1159 00ed 0A       		.uleb128 0xa
 1160 00ee 00       		.byte	0x0
 1161 00ef 00       		.byte	0x0
 1162 00f0 13       		.uleb128 0x13
 1163 00f1 05       		.uleb128 0x5
 1164 00f2 00       		.byte	0x0
 1165 00f3 03       		.uleb128 0x3
 1166 00f4 0E       		.uleb128 0xe
 1167 00f5 3A       		.uleb128 0x3a
 1168 00f6 0B       		.uleb128 0xb
 1169 00f7 3B       		.uleb128 0x3b
 1170 00f8 0B       		.uleb128 0xb
 1171 00f9 49       		.uleb128 0x49
 1172 00fa 13       		.uleb128 0x13
 1173 00fb 02       		.uleb128 0x2
 1174 00fc 06       		.uleb128 0x6
 1175 00fd 00       		.byte	0x0
 1176 00fe 00       		.byte	0x0
 1177 00ff 14       		.uleb128 0x14
 1178 0100 34       		.uleb128 0x34
ARM GAS  C:\DOCUME~1\ADMINI~1\LOCALS~1\Temp\ccVqHJiV.s 			page 25


 1179 0101 00       		.byte	0x0
 1180 0102 03       		.uleb128 0x3
 1181 0103 0E       		.uleb128 0xe
 1182 0104 3A       		.uleb128 0x3a
 1183 0105 0B       		.uleb128 0xb
 1184 0106 3B       		.uleb128 0x3b
 1185 0107 0B       		.uleb128 0xb
 1186 0108 49       		.uleb128 0x49
 1187 0109 13       		.uleb128 0x13
 1188 010a 02       		.uleb128 0x2
 1189 010b 06       		.uleb128 0x6
 1190 010c 00       		.byte	0x0
 1191 010d 00       		.byte	0x0
 1192 010e 15       		.uleb128 0x15
 1193 010f 2E       		.uleb128 0x2e
 1194 0110 01       		.byte	0x1
 1195 0111 3F       		.uleb128 0x3f
 1196 0112 0C       		.uleb128 0xc
 1197 0113 03       		.uleb128 0x3
 1198 0114 0E       		.uleb128 0xe
 1199 0115 3A       		.uleb128 0x3a
 1200 0116 0B       		.uleb128 0xb
 1201 0117 3B       		.uleb128 0x3b
 1202 0118 0B       		.uleb128 0xb
 1203 0119 27       		.uleb128 0x27
 1204 011a 0C       		.uleb128 0xc
 1205 011b 49       		.uleb128 0x49
 1206 011c 13       		.uleb128 0x13
 1207 011d 11       		.uleb128 0x11
 1208 011e 01       		.uleb128 0x1
 1209 011f 12       		.uleb128 0x12
 1210 0120 01       		.uleb128 0x1
 1211 0121 40       		.uleb128 0x40
 1212 0122 06       		.uleb128 0x6
 1213 0123 01       		.uleb128 0x1
 1214 0124 13       		.uleb128 0x13
 1215 0125 00       		.byte	0x0
 1216 0126 00       		.byte	0x0
 1217 0127 16       		.uleb128 0x16
 1218 0128 34       		.uleb128 0x34
 1219 0129 00       		.byte	0x0
 1220 012a 03       		.uleb128 0x3
 1221 012b 0E       		.uleb128 0xe
 1222 012c 3A       		.uleb128 0x3a
 1223 012d 0B       		.uleb128 0xb
 1224 012e 3B       		.uleb128 0x3b
 1225 012f 0B       		.uleb128 0xb
 1226 0130 49       		.uleb128 0x49
 1227 0131 13       		.uleb128 0x13
 1228 0132 02       		.uleb128 0x2
 1229 0133 0A       		.uleb128 0xa
 1230 0134 00       		.byte	0x0
 1231 0135 00       		.byte	0x0
 1232 0136 17       		.uleb128 0x17
 1233 0137 1D       		.uleb128 0x1d
 1234 0138 01       		.byte	0x1
 1235 0139 31       		.uleb128 0x31
ARM GAS  C:\DOCUME~1\ADMINI~1\LOCALS~1\Temp\ccVqHJiV.s 			page 26


 1236 013a 13       		.uleb128 0x13
 1237 013b 11       		.uleb128 0x11
 1238 013c 01       		.uleb128 0x1
 1239 013d 12       		.uleb128 0x12
 1240 013e 01       		.uleb128 0x1
 1241 013f 58       		.uleb128 0x58
 1242 0140 0B       		.uleb128 0xb
 1243 0141 59       		.uleb128 0x59
 1244 0142 0B       		.uleb128 0xb
 1245 0143 00       		.byte	0x0
 1246 0144 00       		.byte	0x0
 1247 0145 18       		.uleb128 0x18
 1248 0146 0B       		.uleb128 0xb
 1249 0147 01       		.byte	0x1
 1250 0148 11       		.uleb128 0x11
 1251 0149 01       		.uleb128 0x1
 1252 014a 12       		.uleb128 0x12
 1253 014b 01       		.uleb128 0x1
 1254 014c 00       		.byte	0x0
 1255 014d 00       		.byte	0x0
 1256 014e 19       		.uleb128 0x19
 1257 014f 34       		.uleb128 0x34
 1258 0150 00       		.byte	0x0
 1259 0151 03       		.uleb128 0x3
 1260 0152 0E       		.uleb128 0xe
 1261 0153 3A       		.uleb128 0x3a
 1262 0154 0B       		.uleb128 0xb
 1263 0155 3B       		.uleb128 0x3b
 1264 0156 0B       		.uleb128 0xb
 1265 0157 49       		.uleb128 0x49
 1266 0158 13       		.uleb128 0x13
 1267 0159 3F       		.uleb128 0x3f
 1268 015a 0C       		.uleb128 0xc
 1269 015b 3C       		.uleb128 0x3c
 1270 015c 0C       		.uleb128 0xc
 1271 015d 00       		.byte	0x0
 1272 015e 00       		.byte	0x0
 1273 015f 1A       		.uleb128 0x1a
 1274 0160 34       		.uleb128 0x34
 1275 0161 00       		.byte	0x0
 1276 0162 03       		.uleb128 0x3
 1277 0163 0E       		.uleb128 0xe
 1278 0164 3A       		.uleb128 0x3a
 1279 0165 0B       		.uleb128 0xb
 1280 0166 3B       		.uleb128 0x3b
 1281 0167 0B       		.uleb128 0xb
 1282 0168 49       		.uleb128 0x49
 1283 0169 13       		.uleb128 0x13
 1284 016a 3F       		.uleb128 0x3f
 1285 016b 0C       		.uleb128 0xc
 1286 016c 02       		.uleb128 0x2
 1287 016d 0A       		.uleb128 0xa
 1288 016e 00       		.byte	0x0
 1289 016f 00       		.byte	0x0
 1290 0170 00       		.byte	0x0
 1291              		.section	.debug_pubnames,"",%progbits
 1292 0000 A8000000 		.4byte	0xa8
ARM GAS  C:\DOCUME~1\ADMINI~1\LOCALS~1\Temp\ccVqHJiV.s 			page 27


 1293 0004 0200     		.2byte	0x2
 1294 0006 00000000 		.4byte	.Ldebug_info0
 1295 000a AE020000 		.4byte	0x2ae
 1296 000e E8000000 		.4byte	0xe8
 1297 0012 574C585F 		.ascii	"WLX_TaskTcbInit\000"
 1297      5461736B 
 1297      54636249 
 1297      6E697400 
 1298 0022 1F010000 		.4byte	0x11f
 1299 0026 574C585F 		.ascii	"WLX_TaskStackInit\000"
 1299      5461736B 
 1299      53746163 
 1299      6B496E69 
 1299      7400
 1300 0038 6A010000 		.4byte	0x16a
 1301 003c 574C585F 		.ascii	"WLX_TaskCreate\000"
 1301      5461736B 
 1301      43726561 
 1301      746500
 1302 004b FE010000 		.4byte	0x1fe
 1303 004f 574C585F 		.ascii	"WLX_TaskSwitch\000"
 1303      5461736B 
 1303      53776974 
 1303      636800
 1304 005e 27020000 		.4byte	0x227
 1305 0062 574C585F 		.ascii	"WLX_TaskStart\000"
 1305      5461736B 
 1305      53746172 
 1305      7400
 1306 0070 77020000 		.4byte	0x277
 1307 0074 67707374 		.ascii	"gpstrCurTcb\000"
 1307      72437572 
 1307      54636200 
 1308 0080 89020000 		.4byte	0x289
 1309 0084 6775694E 		.ascii	"guiNextTaskSp\000"
 1309      65787454 
 1309      61736B53 
 1309      7000
 1310 0092 9B020000 		.4byte	0x29b
 1311 0096 67707569 		.ascii	"gpuiCurTaskSpAddr\000"
 1311      43757254 
 1311      61736B53 
 1311      70416464 
 1311      7200
 1312 00a8 00000000 		.4byte	0x0
 1313              		.section	.debug_pubtypes,"",%progbits
 1314 0000 3B000000 		.4byte	0x3b
 1315 0004 0200     		.2byte	0x2
 1316 0006 00000000 		.4byte	.Ldebug_info0
 1317 000a AE020000 		.4byte	0x2ae
 1318 000e 25000000 		.4byte	0x25
 1319 0012 553800   		.ascii	"U8\000"
 1320 0015 3D000000 		.4byte	0x3d
 1321 0019 55333200 		.ascii	"U32\000"
 1322 001d 64000000 		.4byte	0x64
 1323 0021 5646554E 		.ascii	"VFUNC\000"
 1323      4300
ARM GAS  C:\DOCUME~1\ADMINI~1\LOCALS~1\Temp\ccVqHJiV.s 			page 28


 1324 0027 77000000 		.4byte	0x77
 1325 002b 775F7463 		.ascii	"w_tcb\000"
 1325      6200
 1326 0031 92000000 		.4byte	0x92
 1327 0035 575F5443 		.ascii	"W_TCB\000"
 1327      4200
 1328 003b 00000000 		.4byte	0x0
 1329              		.section	.debug_aranges,"",%progbits
 1330 0000 1C000000 		.4byte	0x1c
 1331 0004 0200     		.2byte	0x2
 1332 0006 00000000 		.4byte	.Ldebug_info0
 1333 000a 04       		.byte	0x4
 1334 000b 00       		.byte	0x0
 1335 000c 0000     		.2byte	0x0
 1336 000e 0000     		.2byte	0x0
 1337 0010 00000000 		.4byte	.Ltext0
 1338 0014 B0010000 		.4byte	.Letext0-.Ltext0
 1339 0018 00000000 		.4byte	0x0
 1340 001c 00000000 		.4byte	0x0
 1341              		.section	.debug_str,"MS",%progbits,1
 1342              	.LASF19:
 1343 0000 474E5520 		.ascii	"GNU C 4.5.2\000"
 1343      4320342E 
 1343      352E3200 
 1344              	.LASF2:
 1345 000c 756E7369 		.ascii	"unsigned int\000"
 1345      676E6564 
 1345      20696E74 
 1345      00
 1346              	.LASF14:
 1347 0019 574C585F 		.ascii	"WLX_TaskSwitch\000"
 1347      5461736B 
 1347      53776974 
 1347      636800
 1348              	.LASF23:
 1349 0028 75695461 		.ascii	"uiTaskCurSp\000"
 1349      736B4375 
 1349      72537000 
 1350              	.LASF21:
 1351 0034 463A5C77 		.ascii	"F:\\workdir\\RTOS_Wanlix\\project\000"
 1351      6F726B64 
 1351      69725C52 
 1351      544F535F 
 1351      57616E6C 
 1352              	.LASF25:
 1353 0053 574C585F 		.ascii	"WLX_TaskCreate\000"
 1353      5461736B 
 1353      43726561 
 1353      746500
 1354              	.LASF12:
 1355 0062 70756953 		.ascii	"puiSp\000"
 1355      7000
 1356              	.LASF15:
 1357 0068 574C585F 		.ascii	"WLX_TaskStart\000"
 1357      5461736B 
 1357      53746172 
 1357      7400
ARM GAS  C:\DOCUME~1\ADMINI~1\LOCALS~1\Temp\ccVqHJiV.s 			page 29


 1358              	.LASF7:
 1359 0076 70756354 		.ascii	"pucTaskStack\000"
 1359      61736B53 
 1359      7461636B 
 1359      00
 1360              	.LASF5:
 1361 0083 5646554E 		.ascii	"VFUNC\000"
 1361      4300
 1362              	.LASF6:
 1363 0089 575F5443 		.ascii	"W_TCB\000"
 1363      4200
 1364              	.LASF9:
 1365 008f 70737472 		.ascii	"pstrTcb\000"
 1365      54636200 
 1366              	.LASF0:
 1367 0097 756E7369 		.ascii	"unsigned char\000"
 1367      676E6564 
 1367      20636861 
 1367      7200
 1368              	.LASF17:
 1369 00a5 6775694E 		.ascii	"guiNextTaskSp\000"
 1369      65787454 
 1369      61736B53 
 1369      7000
 1370              	.LASF3:
 1371 00b3 63686172 		.ascii	"char\000"
 1371      00
 1372              	.LASF16:
 1373 00b8 67707374 		.ascii	"gpstrCurTcb\000"
 1373      72437572 
 1373      54636200 
 1374              	.LASF11:
 1375 00c4 76664675 		.ascii	"vfFuncPointer\000"
 1375      6E63506F 
 1375      696E7465 
 1375      7200
 1376              	.LASF10:
 1377 00d2 70756353 		.ascii	"pucStackBy4\000"
 1377      7461636B 
 1377      42793400 
 1378              	.LASF1:
 1379 00de 73686F72 		.ascii	"short unsigned int\000"
 1379      7420756E 
 1379      7369676E 
 1379      65642069 
 1379      6E7400
 1380              	.LASF18:
 1381 00f1 67707569 		.ascii	"gpuiCurTaskSpAddr\000"
 1381      43757254 
 1381      61736B53 
 1381      70416464 
 1381      7200
 1382              	.LASF13:
 1383 0103 574C585F 		.ascii	"WLX_TaskStackInit\000"
 1383      5461736B 
 1383      53746163 
 1383      6B496E69 
ARM GAS  C:\DOCUME~1\ADMINI~1\LOCALS~1\Temp\ccVqHJiV.s 			page 30


 1383      7400
 1384              	.LASF20:
 1385 0115 2E2E2F77 		.ascii	"../wanlix/wlx_core_c.c\000"
 1385      616E6C69 
 1385      782F776C 
 1385      785F636F 
 1385      72655F63 
 1386              	.LASF8:
 1387 012c 75695374 		.ascii	"uiStackSize\000"
 1387      61636B53 
 1387      697A6500 
 1388              	.LASF4:
 1389 0138 73686F72 		.ascii	"short int\000"
 1389      7420696E 
 1389      7400
 1390              	.LASF22:
 1391 0142 775F7463 		.ascii	"w_tcb\000"
 1391      6200
 1392              	.LASF24:
 1393 0148 574C585F 		.ascii	"WLX_TaskTcbInit\000"
 1393      5461736B 
 1393      54636249 
 1393      6E697400 
 1394              		.ident	"GCC: (Sourcery G++ Lite 2011.03-41) 4.5.2"
 1395              		.section	.note.GNU-stack,"",%progbits
ARM GAS  C:\DOCUME~1\ADMINI~1\LOCALS~1\Temp\ccVqHJiV.s 			page 31


DEFINED SYMBOLS
                            *ABS*:00000000 wlx_core_c.c
C:\DOCUME~1\ADMINI~1\LOCALS~1\Temp\ccVqHJiV.s:21     .text:00000000 $a
C:\DOCUME~1\ADMINI~1\LOCALS~1\Temp\ccVqHJiV.s:24     .text:00000000 WLX_TaskTcbInit
                       .ARM.exidx:00000000 $d
C:\DOCUME~1\ADMINI~1\LOCALS~1\Temp\ccVqHJiV.s:54     .text:00000014 WLX_TaskStackInit
C:\DOCUME~1\ADMINI~1\LOCALS~1\Temp\ccVqHJiV.s:181    .text:000000d8 WLX_TaskCreate
                       .ARM.extab:00000000 $d
C:\DOCUME~1\ADMINI~1\LOCALS~1\Temp\ccVqHJiV.s:258    .text:00000130 WLX_TaskSwitch
C:\DOCUME~1\ADMINI~1\LOCALS~1\Temp\ccVqHJiV.s:308    .text:0000016c $d
                            *COM*:00000004 gpstrCurTcb
                            *COM*:00000004 gpuiCurTaskSpAddr
                            *COM*:00000004 guiNextTaskSp
C:\DOCUME~1\ADMINI~1\LOCALS~1\Temp\ccVqHJiV.s:315    .text:00000178 $a
C:\DOCUME~1\ADMINI~1\LOCALS~1\Temp\ccVqHJiV.s:318    .text:00000178 WLX_TaskStart
C:\DOCUME~1\ADMINI~1\LOCALS~1\Temp\ccVqHJiV.s:361    .text:000001a8 $d
                     .debug_frame:00000010 $d

UNDEFINED SYMBOLS
__aeabi_unwind_cpp_pr0
__aeabi_unwind_cpp_pr1
WLX_ContextSwitch
WLX_SwitchToTask
