ARM GAS  C:\DOCUME~1\ADMINI~1\LOCALS~1\Temp\cc1BQg2A.s 			page 1


   1              		.cpu arm7tdmi
   2              		.fpu softvfp
   3              		.eabi_attribute 20, 1
   4              		.eabi_attribute 21, 1
   5              		.eabi_attribute 23, 3
   6              		.eabi_attribute 24, 1
   7              		.eabi_attribute 25, 1
   8              		.eabi_attribute 26, 2
   9              		.eabi_attribute 30, 2
  10              		.eabi_attribute 18, 4
  11              		.file	"wlx_userboot.c"
  12              		.section	.debug_abbrev,"",%progbits
  13              	.Ldebug_abbrev0:
  14              		.section	.debug_info,"",%progbits
  15              	.Ldebug_info0:
  16              		.section	.debug_line,"",%progbits
  17              	.Ldebug_line0:
  18 0000 19000000 		.text
  18      02001300 
  18      00000201 
  18      FB0E0D00 
  18      01010101 
  19              	.Ltext0:
  20              		.cfi_sections	.debug_frame
  21              	.Letext0:
  22              		.section	.debug_info
  23 0000 53000000 		.4byte	0x53
  24 0004 0200     		.2byte	0x2
  25 0006 00000000 		.4byte	.Ldebug_abbrev0
  26 000a 04       		.byte	0x4
  27 000b 01       		.uleb128 0x1
  28 000c 00000000 		.4byte	.LASF6
  29 0010 01       		.byte	0x1
  30 0011 AB000000 		.4byte	.LASF7
  31 0015 2B000000 		.4byte	.LASF8
  32 0019 00000000 		.4byte	.Ltext0
  33 001d 00000000 		.4byte	.Letext0
  34 0021 00000000 		.4byte	.Ldebug_line0
  35 0025 02       		.uleb128 0x2
  36 0026 04       		.byte	0x4
  37 0027 07       		.byte	0x7
  38 0028 19000000 		.4byte	.LASF0
  39 002c 02       		.uleb128 0x2
  40 002d 04       		.byte	0x4
  41 002e 07       		.byte	0x7
  42 002f 0C000000 		.4byte	.LASF1
  43 0033 02       		.uleb128 0x2
  44 0034 01       		.byte	0x1
  45 0035 08       		.byte	0x8
  46 0036 85000000 		.4byte	.LASF2
  47 003a 02       		.uleb128 0x2
  48 003b 02       		.byte	0x2
  49 003c 07       		.byte	0x7
  50 003d 98000000 		.4byte	.LASF3
  51 0041 02       		.uleb128 0x2
  52 0042 01       		.byte	0x1
  53 0043 08       		.byte	0x8
ARM GAS  C:\DOCUME~1\ADMINI~1\LOCALS~1\Temp\cc1BQg2A.s 			page 2


  54 0044 93000000 		.4byte	.LASF4
  55 0048 02       		.uleb128 0x2
  56 0049 02       		.byte	0x2
  57 004a 05       		.byte	0x5
  58 004b C5000000 		.4byte	.LASF5
  59 004f 03       		.uleb128 0x3
  60 0050 04       		.byte	0x4
  61 0051 05       		.byte	0x5
  62 0052 696E7400 		.ascii	"int\000"
  63 0056 00       		.byte	0x0
  64              		.section	.debug_abbrev
  65 0000 01       		.uleb128 0x1
  66 0001 11       		.uleb128 0x11
  67 0002 01       		.byte	0x1
  68 0003 25       		.uleb128 0x25
  69 0004 0E       		.uleb128 0xe
  70 0005 13       		.uleb128 0x13
  71 0006 0B       		.uleb128 0xb
  72 0007 03       		.uleb128 0x3
  73 0008 0E       		.uleb128 0xe
  74 0009 1B       		.uleb128 0x1b
  75 000a 0E       		.uleb128 0xe
  76 000b 11       		.uleb128 0x11
  77 000c 01       		.uleb128 0x1
  78 000d 12       		.uleb128 0x12
  79 000e 01       		.uleb128 0x1
  80 000f 10       		.uleb128 0x10
  81 0010 06       		.uleb128 0x6
  82 0011 00       		.byte	0x0
  83 0012 00       		.byte	0x0
  84 0013 02       		.uleb128 0x2
  85 0014 24       		.uleb128 0x24
  86 0015 00       		.byte	0x0
  87 0016 0B       		.uleb128 0xb
  88 0017 0B       		.uleb128 0xb
  89 0018 3E       		.uleb128 0x3e
  90 0019 0B       		.uleb128 0xb
  91 001a 03       		.uleb128 0x3
  92 001b 0E       		.uleb128 0xe
  93 001c 00       		.byte	0x0
  94 001d 00       		.byte	0x0
  95 001e 03       		.uleb128 0x3
  96 001f 24       		.uleb128 0x24
  97 0020 00       		.byte	0x0
  98 0021 0B       		.uleb128 0xb
  99 0022 0B       		.uleb128 0xb
 100 0023 3E       		.uleb128 0x3e
 101 0024 0B       		.uleb128 0xb
 102 0025 03       		.uleb128 0x3
 103 0026 08       		.uleb128 0x8
 104 0027 00       		.byte	0x0
 105 0028 00       		.byte	0x0
 106 0029 00       		.byte	0x0
 107              		.section	.debug_pubtypes,"",%progbits
 108 0000 0E000000 		.4byte	0xe
 109 0004 0200     		.2byte	0x2
 110 0006 00000000 		.4byte	.Ldebug_info0
ARM GAS  C:\DOCUME~1\ADMINI~1\LOCALS~1\Temp\cc1BQg2A.s 			page 3


 111 000a 57000000 		.4byte	0x57
 112 000e 00000000 		.4byte	0x0
 113              		.section	.debug_str,"MS",%progbits,1
 114              	.LASF6:
 115 0000 474E5520 		.ascii	"GNU C 4.5.2\000"
 115      4320342E 
 115      352E3200 
 116              	.LASF1:
 117 000c 756E7369 		.ascii	"unsigned int\000"
 117      676E6564 
 117      20696E74 
 117      00
 118              	.LASF0:
 119 0019 6C6F6E67 		.ascii	"long unsigned int\000"
 119      20756E73 
 119      69676E65 
 119      6420696E 
 119      7400
 120              	.LASF8:
 121 002b 433A5C44 		.ascii	"C:\\Documents and Settings\\Administrator\\\327\300"
 121      6F63756D 
 121      656E7473 
 121      20616E64 
 121      20536574 
 122 0055 C3E65CD0 		.ascii	"\303\346\\\320\302\275\250\316\304\274\376\274\320\\"
 122      C2BDA8CE 
 122      C4BCFEBC 
 122      D05C
 123 0063 D0C2BDA8 		.ascii	"\320\302\275\250\316\304\274\376\274\320\\RTOS_Wanl"
 123      CEC4BCFE 
 123      BCD05C52 
 123      544F535F 
 123      57616E6C 
 124 0077 6978332E 		.ascii	"ix3.1\\project\000"
 124      315C7072 
 124      6F6A6563 
 124      7400
 125              	.LASF2:
 126 0085 756E7369 		.ascii	"unsigned char\000"
 126      676E6564 
 126      20636861 
 126      7200
 127              	.LASF4:
 128 0093 63686172 		.ascii	"char\000"
 128      00
 129              	.LASF3:
 130 0098 73686F72 		.ascii	"short unsigned int\000"
 130      7420756E 
 130      7369676E 
 130      65642069 
 130      6E7400
 131              	.LASF7:
 132 00ab 2E2E2F73 		.ascii	"../srccode/wlx_userboot.c\000"
 132      7263636F 
 132      64652F77 
 132      6C785F75 
 132      73657262 
ARM GAS  C:\DOCUME~1\ADMINI~1\LOCALS~1\Temp\cc1BQg2A.s 			page 4


 133              	.LASF5:
 134 00c5 73686F72 		.ascii	"short int\000"
 134      7420696E 
 134      7400
 135              		.ident	"GCC: (Sourcery G++ Lite 2011.03-41) 4.5.2"
 136              		.section	.note.GNU-stack,"",%progbits
ARM GAS  C:\DOCUME~1\ADMINI~1\LOCALS~1\Temp\cc1BQg2A.s 			page 5


DEFINED SYMBOLS
                            *ABS*:00000000 wlx_userboot.c

NO UNDEFINED SYMBOLS
